<?xml version="1.0" encoding="UTF-8"?>
<testng-results ignored="0" total="1" passed="1" failed="0" skipped="0">
  <reporter-output>
  </reporter-output>
  <suite started-at="2024-01-02T12:21:03 EST" name="Default suite" finished-at="2024-01-02T12:21:35 EST" duration-ms="32038">
    <groups>
    </groups>
    <test started-at="2024-01-02T12:21:03 EST" name="Default test" finished-at="2024-01-02T12:21:35 EST" duration-ms="32038">
      <class name="webstaurantStoreTestCase1.AddItemClearItemFromCart2">
        <test-method signature="TestScenario()[pri:0, instance:webstaurantStoreTestCase1.AddItemClearItemFromCart2@428640fa]" started-at="2024-01-02T12:21:03 EST" name="TestScenario" finished-at="2024-01-02T12:21:35 EST" duration-ms="31987" status="PASS">
          <reporter-output>
          </reporter-output>
        </test-method> <!-- TestScenario -->
      </class> <!-- webstaurantStoreTestCase1.AddItemClearItemFromCart2 -->
    </test> <!-- Default test -->
  </suite> <!-- Default suite -->
</testng-results>
